<?xml version="1.0" encoding="UTF-8"?>
<!-- Generated by org.testng.reporters.JUnitXMLReporter -->
<testsuite hostname="ATMECSINDT-049" name="EP" tests="4" failures="0" timestamp="11 Sep 2014 10:44:11 GMT" time="2.175" errors="0">
  <testcase name="test" time="1.806" classname="com.atmecs.restful.executor.Controller"/>
  <testcase name="test" time="1.913" classname="com.atmecs.restful.executor.Controller"/>
  <testcase name="test" time="2.007" classname="com.atmecs.restful.executor.Controller"/>
  <testcase name="test" time="2.163" classname="com.atmecs.restful.executor.Controller"/>
</testsuite> <!-- EP -->
