<?xml version="1.0" encoding="UTF-8"?>
<testng-results skipped="0" failed="0" total="4" passed="4">
  <reporter-output>
  </reporter-output>
  <suite name="Test" duration-ms="1863" started-at="2014-09-12T07:22:52Z" finished-at="2014-09-12T07:22:54Z">
    <groups>
    </groups>
    <test name="EP" duration-ms="1863" started-at="2014-09-12T07:22:52Z" finished-at="2014-09-12T07:22:54Z">
      <class name="com.atmecs.restful.executor.Controller">
        <test-method status="PASS" signature="test()[pri:0, instance:com.atmecs.restful.executor.Controller@ab85b52]" name="test" duration-ms="1850" started-at="2014-09-12T12:52:52Z" finished-at="2014-09-12T12:52:54Z">
          <reporter-output>
          </reporter-output>
        </test-method> <!-- test -->
        <test-method status="PASS" signature="test()[pri:0, instance:com.atmecs.restful.executor.Controller@5025249a]" name="test" duration-ms="1850" started-at="2014-09-12T12:52:52Z" finished-at="2014-09-12T12:52:54Z">
          <reporter-output>
          </reporter-output>
        </test-method> <!-- test -->
        <test-method status="PASS" signature="test()[pri:0, instance:com.atmecs.restful.executor.Controller@36862391]" name="test" duration-ms="1854" started-at="2014-09-12T12:52:52Z" finished-at="2014-09-12T12:52:54Z">
          <reporter-output>
          </reporter-output>
        </test-method> <!-- test -->
        <test-method status="PASS" signature="test()[pri:0, instance:com.atmecs.restful.executor.Controller@2089208e]" name="test" duration-ms="1852" started-at="2014-09-12T12:52:52Z" finished-at="2014-09-12T12:52:54Z">
          <reporter-output>
          </reporter-output>
        </test-method> <!-- test -->
      </class> <!-- com.atmecs.restful.executor.Controller -->
    </test> <!-- EP -->
  </suite> <!-- Test -->
</testng-results>
