<?xml version="1.0" encoding="UTF-8"?>
<!-- Generated by org.testng.reporters.JUnitXMLReporter -->
<testsuite hostname="ATMECSINDT-049" name="ASQA Sample Test" tests="4" failures="0" timestamp="10 Sep 2014 11:37:35 GMT" time="4.26" errors="0">
  <testcase name="test" time="1.867" classname="com.atmecs.restful.executor.Controller"/>
  <testcase name="test" time="0.665" classname="com.atmecs.restful.executor.Controller"/>
  <testcase name="test" time="1.107" classname="com.atmecs.restful.executor.Controller"/>
  <testcase name="test" time="0.611" classname="com.atmecs.restful.executor.Controller"/>
</testsuite> <!-- ASQA Sample Test -->
