<?xml version="1.0" encoding="UTF-8"?>
<testng-results skipped="0" failed="0" total="4" passed="4">
  <reporter-output>
  </reporter-output>
  <suite name="Test" duration-ms="1931" started-at="2014-09-12T09:45:11Z" finished-at="2014-09-12T09:45:13Z">
    <groups>
    </groups>
    <test name="EP" duration-ms="1931" started-at="2014-09-12T09:45:11Z" finished-at="2014-09-12T09:45:13Z">
      <class name="com.atmecs.restful.executor.Controller">
        <test-method status="PASS" signature="test()[pri:0, instance:com.atmecs.restful.executor.Controller@65639ad4]" name="test" duration-ms="1804" started-at="2014-09-12T15:15:11Z" finished-at="2014-09-12T15:15:13Z">
          <reporter-output>
          </reporter-output>
        </test-method> <!-- test -->
        <test-method status="PASS" signature="test()[pri:0, instance:com.atmecs.restful.executor.Controller@3e66ee25]" name="test" duration-ms="1917" started-at="2014-09-12T15:15:11Z" finished-at="2014-09-12T15:15:13Z">
          <reporter-output>
          </reporter-output>
        </test-method> <!-- test -->
        <test-method status="PASS" signature="test()[pri:0, instance:com.atmecs.restful.executor.Controller@579cdf24]" name="test" duration-ms="1751" started-at="2014-09-12T15:15:11Z" finished-at="2014-09-12T15:15:13Z">
          <reporter-output>
          </reporter-output>
        </test-method> <!-- test -->
        <test-method status="PASS" signature="test()[pri:0, instance:com.atmecs.restful.executor.Controller@6e4a084c]" name="test" duration-ms="1751" started-at="2014-09-12T15:15:11Z" finished-at="2014-09-12T15:15:13Z">
          <reporter-output>
          </reporter-output>
        </test-method> <!-- test -->
      </class> <!-- com.atmecs.restful.executor.Controller -->
    </test> <!-- EP -->
  </suite> <!-- Test -->
</testng-results>
