<?xml version="1.0" encoding="UTF-8"?>
<testng-results skipped="0" failed="0" total="4" passed="4">
  <reporter-output>
  </reporter-output>
  <suite name="Test" duration-ms="2175" started-at="2014-09-11T10:44:09Z" finished-at="2014-09-11T10:44:11Z">
    <groups>
    </groups>
    <test name="EP" duration-ms="2175" started-at="2014-09-11T10:44:09Z" finished-at="2014-09-11T10:44:11Z">
      <class name="com.atmecs.restful.executor.Controller">
        <test-method status="PASS" signature="test()[pri:0, instance:com.atmecs.restful.executor.Controller@75a287d9]" name="test" duration-ms="1806" started-at="2014-09-11T16:14:09Z" finished-at="2014-09-11T16:14:11Z">
          <reporter-output>
          </reporter-output>
        </test-method> <!-- test -->
        <test-method status="PASS" signature="test()[pri:0, instance:com.atmecs.restful.executor.Controller@3fa8402a]" name="test" duration-ms="1913" started-at="2014-09-11T16:14:09Z" finished-at="2014-09-11T16:14:11Z">
          <reporter-output>
          </reporter-output>
        </test-method> <!-- test -->
        <test-method status="PASS" signature="test()[pri:0, instance:com.atmecs.restful.executor.Controller@331fef77]" name="test" duration-ms="2163" started-at="2014-09-11T16:14:09Z" finished-at="2014-09-11T16:14:11Z">
          <reporter-output>
          </reporter-output>
        </test-method> <!-- test -->
        <test-method status="PASS" signature="test()[pri:0, instance:com.atmecs.restful.executor.Controller@184f3e5]" name="test" duration-ms="2007" started-at="2014-09-11T16:14:09Z" finished-at="2014-09-11T16:14:11Z">
          <reporter-output>
          </reporter-output>
        </test-method> <!-- test -->
      </class> <!-- com.atmecs.restful.executor.Controller -->
    </test> <!-- EP -->
  </suite> <!-- Test -->
</testng-results>
